[debug] [2019-06-02T23:48:54.516Z] ----------------------------------------------------------------------
[debug] [2019-06-02T23:48:54.518Z] Command:       /usr/local/bin/node /usr/local/bin/firebase deploy
[debug] [2019-06-02T23:48:54.518Z] CLI Version:   6.3.1
[debug] [2019-06-02T23:48:54.518Z] Platform:      darwin
[debug] [2019-06-02T23:48:54.518Z] Node Version:  v10.15.1
[debug] [2019-06-02T23:48:54.519Z] Time:          Sun Jun 02 2019 19:48:54 GMT-0400 (Eastern Daylight Time)
[debug] [2019-06-02T23:48:54.519Z] ----------------------------------------------------------------------
[debug] 
[debug] [2019-06-02T23:48:54.529Z] > command requires scopes: ["email","openid","https://www.googleapis.com/auth/cloudplatformprojects.readonly","https://www.googleapis.com/auth/firebase","https://www.googleapis.com/auth/cloud-platform"]
[debug] [2019-06-02T23:48:54.529Z] > authorizing via signed-in user
[debug] [2019-06-02T23:48:54.529Z] [iam] checking project specialist-1f389 for permissions ["firebase.projects.get","firebasedatabase.instances.update","firebasehosting.sites.update"]
[debug] [2019-06-02T23:48:54.531Z] >>> HTTP REQUEST POST https://cloudresourcemanager.googleapis.com/v1/projects/specialist-1f389:testIamPermissions  

[debug] [2019-06-02T23:48:54.708Z] <<< HTTP RESPONSE 200
[debug] [2019-06-02T23:48:54.711Z] >>> HTTP REQUEST GET https://firebase.googleapis.com/v1beta1/projects/specialist-1f389  
 
[debug] [2019-06-02T23:48:54.865Z] <<< HTTP RESPONSE 200
[info] 
[info] === Deploying to 'specialist-1f389'...
[info] 
[info] i  deploying database, hosting
[info] i  database: checking rules syntax...
[debug] [2019-06-02T23:48:54.873Z] >>> HTTP REQUEST PUT https://specialist-1f389.firebaseio.com/.settings/rules.json?dryRun=true  
 {
    "rules": {
        ".read": true,
        ".write": true
    }
}

[debug] [2019-06-02T23:48:55.056Z] <<< HTTP RESPONSE 200
[info] ✔  database: rules syntax for database specialist-1f389 is valid
[debug] [2019-06-02T23:48:55.060Z] >>> HTTP REQUEST POST https://firebasehosting.googleapis.com/v1beta1/sites/specialist-1f389/versions  

[debug] [2019-06-02T23:49:05.298Z] <<< HTTP RESPONSE 503
[debug] [2019-06-02T23:49:05.299Z] <<< HTTP RESPONSE BODY
[error] 
[error] Error: HTTP Error: 503, The service is currently unavailable.
[debug] [2019-06-02T23:49:05.305Z] Error Context: {
  "body": {
    "error": {
      "code": 503,
      "message": "The service is currently unavailable.",
      "status": "UNAVAILABLE"
    }
  },
  "response": {
    "statusCode": 503,
    "body": {
      "error": {
        "code": 503,
        "message": "The service is currently unavailable.",
        "status": "UNAVAILABLE"
      }
    },
    "headers": {
      "vary": "X-Origin, Referer, Origin,Accept-Encoding",
      "content-type": "application/json; charset=UTF-8",
      "date": "Sun, 02 Jun 2019 23:49:05 GMT",
      "server": "ESF",
      "cache-control": "private",
      "x-xss-protection": "0",
      "x-frame-options": "SAMEORIGIN",
      "x-content-type-options": "nosniff",
      "alt-svc": "quic=\":443\"; ma=2592000; v=\"46,44,43,39\"",
      "accept-ranges": "none",
      "transfer-encoding": "chunked"
    },
    "request": {
      "uri": {
        "protocol": "https:",
        "slashes": true,
        "auth": null,
        "host": "firebasehosting.googleapis.com",
        "port": 443,
        "hostname": "firebasehosting.googleapis.com",
        "hash": null,
        "search": null,
        "query": null,
        "pathname": "/v1beta1/sites/specialist-1f389/versions",
        "path": "/v1beta1/sites/specialist-1f389/versions",
        "href": "https://firebasehosting.googleapis.com/v1beta1/sites/specialist-1f389/versions"
      },
      "method": "POST"
    }
  }
}
